
> autopilot-local-frontend@1.0.0 dev
> next dev -p 3000

   ▲ Next.js 15.5.18
   - Local:        http://localhost:3000
   - Network:      http://10.255.255.254:3000

 ✓ Starting...

   We detected TypeScript in your project and reconfigured your tsconfig.json file for you.
   The following suggested values were added to your tsconfig.json. These values can be changed to fit your project's needs:

   	- include was updated to add '.next/types/**/*.ts'

 ✓ Ready in 2.3s
 ○ Compiling / ...
 ✓ Compiled / in 4.1s (607 modules)
 GET / 200 in 4530ms
 GET / 200 in 58ms
 GET / 200 in 132ms
[?25h

> autopilot-local-frontend@1.0.0 dev
> next dev -p 3000

   ▲ Next.js 15.5.18
   - Local:        http://localhost:3000
   - Network:      http://10.255.255.254:3000

 ✓ Starting...
 ✓ Ready in 2s
 ○ Compiling / ...
 ✓ Compiled / in 735ms (593 modules)
 GET / 200 in 1071ms
 GET / 200 in 54ms
 ⚠ Cross origin request detected from 127.0.0.1 to /_next/* resource. In a future major version of Next.js, you will need to explicitly configure "allowedDevOrigins" in next.config to allow this.
Read more: https://nextjs.org/docs/app/api-reference/config/next-config-js/allowedDevOrigins
