INFO:     Started server process [9263]
INFO:     Waiting for application startup.
INFO:apscheduler.scheduler:Adding job tentatively -- it will be properly scheduled when the scheduler starts
INFO:apscheduler.scheduler:Adding job tentatively -- it will be properly scheduled when the scheduler starts
INFO:apscheduler.scheduler:Adding job tentatively -- it will be properly scheduled when the scheduler starts
INFO:apscheduler.scheduler:Added job "refresh_all_political" to job store "default"
INFO:apscheduler.scheduler:Added job "refresh_all_hedge_funds" to job store "default"
INFO:apscheduler.scheduler:Added job "refresh_all_performance" to job store "default"
INFO:apscheduler.scheduler:Scheduler started
INFO:scheduler:Autopilot Local scheduler started
INFO:     Application startup complete.
INFO:     Uvicorn running on http://0.0.0.0:8000 (Press CTRL+C to quit)
INFO:     127.0.0.1:46020 - "GET /api/portfolios?period=1M HTTP/1.1" 200 OK
INFO:httpx:HTTP Request: GET https://paper-api.alpaca.markets/v2/account "HTTP/1.1 200 OK"
INFO:     127.0.0.1:46036 - "GET /api/health HTTP/1.1" 200 OK
INFO:httpx:HTTP Request: GET https://paper-api.alpaca.markets/v2/account "HTTP/1.1 200 OK"
INFO:httpx:HTTP Request: GET https://paper-api.alpaca.markets/v2/positions "HTTP/1.1 200 OK"
INFO:     127.0.0.1:45064 - "GET /api/dashboard HTTP/1.1" 200 OK
INFO:httpx:HTTP Request: GET https://paper-api.alpaca.markets/v2/account "HTTP/1.1 200 OK"
INFO:     127.0.0.1:46246 - "GET /api/health HTTP/1.1" 200 OK
INFO:     127.0.0.1:46262 - "GET /api/portfolios HTTP/1.1" 200 OK
INFO:apscheduler.executors.default:Running job "refresh_all_political (trigger: cron[day_of_week='mon-fri', hour='9-15', minute='*/30'], next run at: 2026-05-19 11:30:00 EDT)" (scheduled at 2026-05-19 11:30:00-04:00)
INFO:apscheduler.executors.default:Job "refresh_all_political (trigger: cron[day_of_week='mon-fri', hour='9-15', minute='*/30'], next run at: 2026-05-19 12:00:00 EDT)" executed successfully
INFO:httpx:HTTP Request: GET https://paper-api.alpaca.markets/v2/account "HTTP/1.1 200 OK"
INFO:     127.0.0.1:48052 - "GET /api/health HTTP/1.1" 200 OK
INFO:     127.0.0.1:46438 - "GET /api/portfolios HTTP/1.1" 200 OK
INFO:httpx:HTTP Request: GET https://paper-api.alpaca.markets/v2/account "HTTP/1.1 200 OK"
INFO:httpx:HTTP Request: GET https://paper-api.alpaca.markets/v2/positions "HTTP/1.1 200 OK"
INFO:     127.0.0.1:46408 - "GET /api/dashboard HTTP/1.1" 200 OK
INFO:httpx:HTTP Request: GET https://paper-api.alpaca.markets/v2/account "HTTP/1.1 200 OK"
INFO:     127.0.0.1:48334 - "GET /api/health HTTP/1.1" 200 OK
INFO:     Shutting down
INFO:     Waiting for application shutdown.
INFO:apscheduler.scheduler:Scheduler has been shut down
INFO:     Application shutdown complete.
INFO:     Finished server process [9263]
INFO:     Started server process [12784]
INFO:     Waiting for application startup.
INFO:apscheduler.scheduler:Adding job tentatively -- it will be properly scheduled when the scheduler starts
INFO:apscheduler.scheduler:Adding job tentatively -- it will be properly scheduled when the scheduler starts
INFO:apscheduler.scheduler:Adding job tentatively -- it will be properly scheduled when the scheduler starts
INFO:apscheduler.scheduler:Added job "refresh_all_political" to job store "default"
INFO:apscheduler.scheduler:Added job "refresh_all_hedge_funds" to job store "default"
INFO:apscheduler.scheduler:Added job "refresh_all_performance" to job store "default"
INFO:apscheduler.scheduler:Scheduler started
INFO:scheduler:Autopilot Local scheduler started
INFO:     Application startup complete.
INFO:     Uvicorn running on http://0.0.0.0:8000 (Press CTRL+C to quit)
INFO:apscheduler.executors.default:Running job "refresh_all_political (trigger: cron[day_of_week='mon-fri', hour='9-15', minute='*/30'], next run at: 2026-05-19 12:00:00 EDT)" (scheduled at 2026-05-19 12:00:00-04:00)
INFO:apscheduler.executors.default:Job "refresh_all_political (trigger: cron[day_of_week='mon-fri', hour='9-15', minute='*/30'], next run at: 2026-05-19 12:30:00 EDT)" executed successfully
INFO:httpx:HTTP Request: GET https://paper-api.alpaca.markets/v2/account "HTTP/1.1 200 OK"
INFO:     127.0.0.1:45280 - "GET /api/health HTTP/1.1" 200 OK
INFO:httpx:HTTP Request: GET https://paper-api.alpaca.markets/v2/account "HTTP/1.1 200 OK"
INFO:     127.0.0.1:45294 - "GET /api/health HTTP/1.1" 200 OK
INFO:     127.0.0.1:45300 - "GET /api/portfolios HTTP/1.1" 200 OK
INFO:     127.0.0.1:53321 - "OPTIONS /api/portfolios?period=1M&sort=return HTTP/1.1" 200 OK
INFO:     127.0.0.1:53321 - "GET /api/portfolios?period=1M&sort=return HTTP/1.1" 200 OK
INFO:     127.0.0.1:53321 - "OPTIONS /api/portfolios/pelosi-tracker/follow HTTP/1.1" 200 OK
INFO:httpx:HTTP Request: GET https://paper-api.alpaca.markets/v2/account "HTTP/1.1 200 OK"
INFO:httpx:HTTP Request: GET https://data.alpaca.markets/v2/stocks/snapshots?symbols=NVDA%2CAAPL%2CMSFT%2CGOOGL%2CAMZN&feed=iex "HTTP/1.1 200 OK"
INFO:httpx:HTTP Request: GET https://paper-api.alpaca.markets/v2/positions "HTTP/1.1 200 OK"
INFO:httpx:HTTP Request: POST https://paper-api.alpaca.markets/v2/orders "HTTP/1.1 200 OK"
INFO:httpx:HTTP Request: GET https://paper-api.alpaca.markets/v2/orders/dead8a3c-dadf-48f0-9a3a-fa304b11c123 "HTTP/1.1 200 OK"
INFO:httpx:HTTP Request: GET https://paper-api.alpaca.markets/v2/orders/dead8a3c-dadf-48f0-9a3a-fa304b11c123 "HTTP/1.1 200 OK"
INFO:httpx:HTTP Request: POST https://paper-api.alpaca.markets/v2/orders "HTTP/1.1 200 OK"
INFO:httpx:HTTP Request: GET https://paper-api.alpaca.markets/v2/orders/aba832f6-1032-48cb-ba1c-f296d24f020c "HTTP/1.1 200 OK"
INFO:httpx:HTTP Request: GET https://paper-api.alpaca.markets/v2/orders/aba832f6-1032-48cb-ba1c-f296d24f020c "HTTP/1.1 200 OK"
INFO:httpx:HTTP Request: POST https://paper-api.alpaca.markets/v2/orders "HTTP/1.1 200 OK"
INFO:httpx:HTTP Request: GET https://paper-api.alpaca.markets/v2/orders/7484974c-a7ca-4362-837a-d16405301ffd "HTTP/1.1 200 OK"
INFO:httpx:HTTP Request: GET https://paper-api.alpaca.markets/v2/orders/7484974c-a7ca-4362-837a-d16405301ffd "HTTP/1.1 200 OK"
INFO:httpx:HTTP Request: POST https://paper-api.alpaca.markets/v2/orders "HTTP/1.1 200 OK"
INFO:httpx:HTTP Request: GET https://paper-api.alpaca.markets/v2/orders/c7082f12-aeb4-428f-bde3-66c4c31a15f1 "HTTP/1.1 200 OK"
INFO:httpx:HTTP Request: GET https://paper-api.alpaca.markets/v2/orders/c7082f12-aeb4-428f-bde3-66c4c31a15f1 "HTTP/1.1 200 OK"
INFO:httpx:HTTP Request: POST https://paper-api.alpaca.markets/v2/orders "HTTP/1.1 200 OK"
INFO:httpx:HTTP Request: GET https://paper-api.alpaca.markets/v2/orders/ea7b3e07-f388-46c1-8546-3e1fd8d75a8f "HTTP/1.1 200 OK"
INFO:httpx:HTTP Request: GET https://paper-api.alpaca.markets/v2/orders/ea7b3e07-f388-46c1-8546-3e1fd8d75a8f "HTTP/1.1 200 OK"
INFO:     127.0.0.1:53321 - "POST /api/portfolios/pelosi-tracker/follow HTTP/1.1" 200 OK
INFO:     127.0.0.1:53321 - "OPTIONS /api/portfolios?period=1M&sort=return HTTP/1.1" 200 OK
INFO:     127.0.0.1:53321 - "GET /api/portfolios?period=1M&sort=return HTTP/1.1" 200 OK
INFO:     127.0.0.1:47942 - "GET /api/portfolios HTTP/1.1" 200 OK
INFO:httpx:HTTP Request: GET https://paper-api.alpaca.markets/v2/account "HTTP/1.1 200 OK"
INFO:httpx:HTTP Request: GET https://data.alpaca.markets/v2/stocks/snapshots?symbols=NVDA%2CAAPL%2CMSFT%2CGOOGL%2CAMZN&feed=iex "HTTP/1.1 200 OK"
INFO:httpx:HTTP Request: GET https://paper-api.alpaca.markets/v2/positions "HTTP/1.1 200 OK"
INFO:     127.0.0.1:48304 - "POST /api/portfolios/pelosi-tracker/follow HTTP/1.1" 200 OK
INFO:httpx:HTTP Request: GET https://paper-api.alpaca.markets/v2/account "HTTP/1.1 200 OK"
INFO:httpx:HTTP Request: GET https://data.alpaca.markets/v2/stocks/snapshots?symbols=NVDA%2CMSFT%2CAMD%2CAVGO%2CSMH&feed=iex "HTTP/1.1 200 OK"
INFO:httpx:HTTP Request: GET https://paper-api.alpaca.markets/v2/positions "HTTP/1.1 200 OK"
INFO:httpx:HTTP Request: POST https://paper-api.alpaca.markets/v2/orders "HTTP/1.1 200 OK"
INFO:httpx:HTTP Request: GET https://paper-api.alpaca.markets/v2/orders/5d59a430-faae-4b68-8bea-7f2c1f908758 "HTTP/1.1 200 OK"
INFO:httpx:HTTP Request: GET https://paper-api.alpaca.markets/v2/orders/5d59a430-faae-4b68-8bea-7f2c1f908758 "HTTP/1.1 200 OK"
INFO:httpx:HTTP Request: POST https://paper-api.alpaca.markets/v2/orders "HTTP/1.1 200 OK"
INFO:httpx:HTTP Request: GET https://paper-api.alpaca.markets/v2/orders/c7f90995-23be-40c6-8ded-3de499b59bcf "HTTP/1.1 200 OK"
INFO:httpx:HTTP Request: GET https://paper-api.alpaca.markets/v2/orders/c7f90995-23be-40c6-8ded-3de499b59bcf "HTTP/1.1 200 OK"
INFO:httpx:HTTP Request: GET https://paper-api.alpaca.markets/v2/orders/c7f90995-23be-40c6-8ded-3de499b59bcf "HTTP/1.1 200 OK"
INFO:httpx:HTTP Request: POST https://paper-api.alpaca.markets/v2/orders "HTTP/1.1 200 OK"
INFO:httpx:HTTP Request: GET https://paper-api.alpaca.markets/v2/orders/a8d56399-baf6-4408-92fb-b5ef105495b0 "HTTP/1.1 200 OK"
INFO:httpx:HTTP Request: GET https://paper-api.alpaca.markets/v2/orders/a8d56399-baf6-4408-92fb-b5ef105495b0 "HTTP/1.1 200 OK"
INFO:httpx:HTTP Request: POST https://paper-api.alpaca.markets/v2/orders "HTTP/1.1 200 OK"
INFO:httpx:HTTP Request: GET https://paper-api.alpaca.markets/v2/orders/13abaccd-0212-492a-b9e2-fa5412037151 "HTTP/1.1 200 OK"
INFO:httpx:HTTP Request: GET https://paper-api.alpaca.markets/v2/orders/13abaccd-0212-492a-b9e2-fa5412037151 "HTTP/1.1 200 OK"
INFO:httpx:HTTP Request: POST https://paper-api.alpaca.markets/v2/orders "HTTP/1.1 200 OK"
INFO:httpx:HTTP Request: GET https://paper-api.alpaca.markets/v2/orders/6e6db21c-4990-4566-8de1-78f615717cd8 "HTTP/1.1 200 OK"
INFO:httpx:HTTP Request: GET https://paper-api.alpaca.markets/v2/orders/6e6db21c-4990-4566-8de1-78f615717cd8 "HTTP/1.1 200 OK"
INFO:     127.0.0.1:48316 - "POST /api/portfolios/ai-basket/follow HTTP/1.1" 500 Internal Server Error
ERROR:    Exception in ASGI application
Traceback (most recent call last):
  File "/home/aarav/Aarav/Autopilot/autopilot-local/.venv/lib/python3.13/site-packages/sqlalchemy/engine/base.py", line 1936, in _exec_single_context
    self.dialect.do_executemany(
    ~~~~~~~~~~~~~~~~~~~~~~~~~~~^
        cursor,
        ^^^^^^^
    ...<2 lines>...
        context,
        ^^^^^^^^
    )
    ^
  File "/home/aarav/Aarav/Autopilot/autopilot-local/.venv/lib/python3.13/site-packages/sqlalchemy/engine/default.py", line 949, in do_executemany
    cursor.executemany(statement, parameters)
    ~~~~~~~~~~~~~~~~~~^^^^^^^^^^^^^^^^^^^^^^^
sqlite3.IntegrityError: UNIQUE constraint failed: userposition.ticker

The above exception was the direct cause of the following exception:

Traceback (most recent call last):
  File "/home/aarav/Aarav/Autopilot/autopilot-local/.venv/lib/python3.13/site-packages/uvicorn/protocols/http/httptools_impl.py", line 421, in run_asgi
    result = await app(  # type: ignore[func-returns-value]
             ^^^^^^^^^^^^^^^^^^^^^^^^^^^^^^^^^^^^^^^^^^^^^^
        self.scope, self.receive, self.send
        ^^^^^^^^^^^^^^^^^^^^^^^^^^^^^^^^^^^
    )
    ^
  File "/home/aarav/Aarav/Autopilot/autopilot-local/.venv/lib/python3.13/site-packages/uvicorn/middleware/proxy_headers.py", line 56, in __call__
    return await self.app(scope, receive, send)
           ^^^^^^^^^^^^^^^^^^^^^^^^^^^^^^^^^^^^
  File "/home/aarav/Aarav/Autopilot/autopilot-local/.venv/lib/python3.13/site-packages/fastapi/applications.py", line 1159, in __call__
    await super().__call__(scope, receive, send)
  File "/home/aarav/Aarav/Autopilot/autopilot-local/.venv/lib/python3.13/site-packages/starlette/applications.py", line 90, in __call__
    await self.middleware_stack(scope, receive, send)
  File "/home/aarav/Aarav/Autopilot/autopilot-local/.venv/lib/python3.13/site-packages/starlette/middleware/errors.py", line 186, in __call__
    raise exc
  File "/home/aarav/Aarav/Autopilot/autopilot-local/.venv/lib/python3.13/site-packages/starlette/middleware/errors.py", line 164, in __call__
    await self.app(scope, receive, _send)
  File "/home/aarav/Aarav/Autopilot/autopilot-local/.venv/lib/python3.13/site-packages/starlette/middleware/cors.py", line 88, in __call__
    await self.app(scope, receive, send)
  File "/home/aarav/Aarav/Autopilot/autopilot-local/.venv/lib/python3.13/site-packages/starlette/middleware/exceptions.py", line 63, in __call__
    await wrap_app_handling_exceptions(self.app, conn)(scope, receive, send)
  File "/home/aarav/Aarav/Autopilot/autopilot-local/.venv/lib/python3.13/site-packages/starlette/_exception_handler.py", line 53, in wrapped_app
    raise exc
  File "/home/aarav/Aarav/Autopilot/autopilot-local/.venv/lib/python3.13/site-packages/starlette/_exception_handler.py", line 42, in wrapped_app
    await app(scope, receive, sender)
  File "/home/aarav/Aarav/Autopilot/autopilot-local/.venv/lib/python3.13/site-packages/fastapi/middleware/asyncexitstack.py", line 18, in __call__
    await self.app(scope, receive, send)
  File "/home/aarav/Aarav/Autopilot/autopilot-local/.venv/lib/python3.13/site-packages/starlette/routing.py", line 660, in __call__
    await self.middleware_stack(scope, receive, send)
  File "/home/aarav/Aarav/Autopilot/autopilot-local/.venv/lib/python3.13/site-packages/starlette/routing.py", line 680, in app
    await route.handle(scope, receive, send)
  File "/home/aarav/Aarav/Autopilot/autopilot-local/.venv/lib/python3.13/site-packages/starlette/routing.py", line 276, in handle
    await self.app(scope, receive, send)
  File "/home/aarav/Aarav/Autopilot/autopilot-local/.venv/lib/python3.13/site-packages/fastapi/routing.py", line 134, in app
    await wrap_app_handling_exceptions(app, request)(scope, receive, send)
  File "/home/aarav/Aarav/Autopilot/autopilot-local/.venv/lib/python3.13/site-packages/starlette/_exception_handler.py", line 53, in wrapped_app
    raise exc
  File "/home/aarav/Aarav/Autopilot/autopilot-local/.venv/lib/python3.13/site-packages/starlette/_exception_handler.py", line 42, in wrapped_app
    await app(scope, receive, sender)
  File "/home/aarav/Aarav/Autopilot/autopilot-local/.venv/lib/python3.13/site-packages/fastapi/routing.py", line 120, in app
    response = await f(request)
               ^^^^^^^^^^^^^^^^
  File "/home/aarav/Aarav/Autopilot/autopilot-local/.venv/lib/python3.13/site-packages/fastapi/routing.py", line 674, in app
    raw_response = await run_endpoint_function(
                   ^^^^^^^^^^^^^^^^^^^^^^^^^^^^
    ...<3 lines>...
    )
    ^
  File "/home/aarav/Aarav/Autopilot/autopilot-local/.venv/lib/python3.13/site-packages/fastapi/routing.py", line 330, in run_endpoint_function
    return await run_in_threadpool(dependant.call, **values)
           ^^^^^^^^^^^^^^^^^^^^^^^^^^^^^^^^^^^^^^^^^^^^^^^^^
  File "/home/aarav/Aarav/Autopilot/autopilot-local/.venv/lib/python3.13/site-packages/starlette/concurrency.py", line 32, in run_in_threadpool
    return await anyio.to_thread.run_sync(func)
           ^^^^^^^^^^^^^^^^^^^^^^^^^^^^^^^^^^^^
  File "/home/aarav/Aarav/Autopilot/autopilot-local/.venv/lib/python3.13/site-packages/anyio/to_thread.py", line 63, in run_sync
    return await get_async_backend().run_sync_in_worker_thread(
           ^^^^^^^^^^^^^^^^^^^^^^^^^^^^^^^^^^^^^^^^^^^^^^^^^^^^
        func, args, abandon_on_cancel=abandon_on_cancel, limiter=limiter
        ^^^^^^^^^^^^^^^^^^^^^^^^^^^^^^^^^^^^^^^^^^^^^^^^^^^^^^^^^^^^^^^^
    )
    ^
  File "/home/aarav/Aarav/Autopilot/autopilot-local/.venv/lib/python3.13/site-packages/anyio/_backends/_asyncio.py", line 2518, in run_sync_in_worker_thread
    return await future
           ^^^^^^^^^^^^
  File "/home/aarav/Aarav/Autopilot/autopilot-local/.venv/lib/python3.13/site-packages/anyio/_backends/_asyncio.py", line 1002, in run
    result = context.run(func, *args)
  File "/home/aarav/Aarav/Autopilot/autopilot-local/backend/main.py", line 179, in follow
    result = follow_portfolio(session, portfolio_id)
  File "/home/aarav/Aarav/Autopilot/autopilot-local/backend/sync.py", line 87, in follow_portfolio
    session.commit()
    ~~~~~~~~~~~~~~^^
  File "/home/aarav/Aarav/Autopilot/autopilot-local/.venv/lib/python3.13/site-packages/sqlalchemy/orm/session.py", line 2030, in commit
    trans.commit(_to_root=True)
    ~~~~~~~~~~~~^^^^^^^^^^^^^^^
  File "<string>", line 2, in commit
  File "/home/aarav/Aarav/Autopilot/autopilot-local/.venv/lib/python3.13/site-packages/sqlalchemy/orm/state_changes.py", line 137, in _go
    ret_value = fn(self, *arg, **kw)
  File "/home/aarav/Aarav/Autopilot/autopilot-local/.venv/lib/python3.13/site-packages/sqlalchemy/orm/session.py", line 1311, in commit
    self._prepare_impl()
    ~~~~~~~~~~~~~~~~~~^^
  File "<string>", line 2, in _prepare_impl
  File "/home/aarav/Aarav/Autopilot/autopilot-local/.venv/lib/python3.13/site-packages/sqlalchemy/orm/state_changes.py", line 137, in _go
    ret_value = fn(self, *arg, **kw)
  File "/home/aarav/Aarav/Autopilot/autopilot-local/.venv/lib/python3.13/site-packages/sqlalchemy/orm/session.py", line 1286, in _prepare_impl
    self.session.flush()
    ~~~~~~~~~~~~~~~~~~^^
  File "/home/aarav/Aarav/Autopilot/autopilot-local/.venv/lib/python3.13/site-packages/sqlalchemy/orm/session.py", line 4331, in flush
    self._flush(objects)
    ~~~~~~~~~~~^^^^^^^^^
  File "/home/aarav/Aarav/Autopilot/autopilot-local/.venv/lib/python3.13/site-packages/sqlalchemy/orm/session.py", line 4466, in _flush
    with util.safe_reraise():
         ~~~~~~~~~~~~~~~~~^^
  File "/home/aarav/Aarav/Autopilot/autopilot-local/.venv/lib/python3.13/site-packages/sqlalchemy/util/langhelpers.py", line 121, in __exit__
    raise exc_value.with_traceback(exc_tb)
  File "/home/aarav/Aarav/Autopilot/autopilot-local/.venv/lib/python3.13/site-packages/sqlalchemy/orm/session.py", line 4427, in _flush
    flush_context.execute()
    ~~~~~~~~~~~~~~~~~~~~~^^
  File "/home/aarav/Aarav/Autopilot/autopilot-local/.venv/lib/python3.13/site-packages/sqlalchemy/orm/unitofwork.py", line 466, in execute
    rec.execute(self)
    ~~~~~~~~~~~^^^^^^
  File "/home/aarav/Aarav/Autopilot/autopilot-local/.venv/lib/python3.13/site-packages/sqlalchemy/orm/unitofwork.py", line 642, in execute
    util.preloaded.orm_persistence.save_obj(
    ~~~~~~~~~~~~~~~~~~~~~~~~~~~~~~~~~~~~~~~^
        self.mapper,
        ^^^^^^^^^^^^
        uow.states_for_mapper_hierarchy(self.mapper, False, False),
        ^^^^^^^^^^^^^^^^^^^^^^^^^^^^^^^^^^^^^^^^^^^^^^^^^^^^^^^^^^^
        uow,
        ^^^^
    )
    ^
  File "/home/aarav/Aarav/Autopilot/autopilot-local/.venv/lib/python3.13/site-packages/sqlalchemy/orm/persistence.py", line 93, in save_obj
    _emit_insert_statements(
    ~~~~~~~~~~~~~~~~~~~~~~~^
        base_mapper,
        ^^^^^^^^^^^^
    ...<3 lines>...
        insert,
        ^^^^^^^
    )
    ^
  File "/home/aarav/Aarav/Autopilot/autopilot-local/.venv/lib/python3.13/site-packages/sqlalchemy/orm/persistence.py", line 1048, in _emit_insert_statements
    result = connection.execute(
        statement, multiparams, execution_options=execution_options
    )
  File "/home/aarav/Aarav/Autopilot/autopilot-local/.venv/lib/python3.13/site-packages/sqlalchemy/engine/base.py", line 1419, in execute
    return meth(
        self,
        distilled_parameters,
        execution_options or NO_OPTIONS,
    )
  File "/home/aarav/Aarav/Autopilot/autopilot-local/.venv/lib/python3.13/site-packages/sqlalchemy/sql/elements.py", line 527, in _execute_on_connection
    return connection._execute_clauseelement(
           ~~~~~~~~~~~~~~~~~~~~~~~~~~~~~~~~~^
        self, distilled_params, execution_options
        ^^^^^^^^^^^^^^^^^^^^^^^^^^^^^^^^^^^^^^^^^
    )
    ^
  File "/home/aarav/Aarav/Autopilot/autopilot-local/.venv/lib/python3.13/site-packages/sqlalchemy/engine/base.py", line 1641, in _execute_clauseelement
    ret = self._execute_context(
        dialect,
    ...<8 lines>...
        cache_hit=cache_hit,
    )
  File "/home/aarav/Aarav/Autopilot/autopilot-local/.venv/lib/python3.13/site-packages/sqlalchemy/engine/base.py", line 1846, in _execute_context
    return self._exec_single_context(
           ~~~~~~~~~~~~~~~~~~~~~~~~~^
        dialect, context, statement, parameters
        ^^^^^^^^^^^^^^^^^^^^^^^^^^^^^^^^^^^^^^^
    )
    ^
  File "/home/aarav/Aarav/Autopilot/autopilot-local/.venv/lib/python3.13/site-packages/sqlalchemy/engine/base.py", line 1986, in _exec_single_context
    self._handle_dbapi_exception(
    ~~~~~~~~~~~~~~~~~~~~~~~~~~~~^
        e, str_statement, effective_parameters, cursor, context
        ^^^^^^^^^^^^^^^^^^^^^^^^^^^^^^^^^^^^^^^^^^^^^^^^^^^^^^^
    )
    ^
  File "/home/aarav/Aarav/Autopilot/autopilot-local/.venv/lib/python3.13/site-packages/sqlalchemy/engine/base.py", line 2363, in _handle_dbapi_exception
    raise sqlalchemy_exception.with_traceback(exc_info[2]) from e
  File "/home/aarav/Aarav/Autopilot/autopilot-local/.venv/lib/python3.13/site-packages/sqlalchemy/engine/base.py", line 1936, in _exec_single_context
    self.dialect.do_executemany(
    ~~~~~~~~~~~~~~~~~~~~~~~~~~~^
        cursor,
        ^^^^^^^
    ...<2 lines>...
        context,
        ^^^^^^^^
    )
    ^
  File "/home/aarav/Aarav/Autopilot/autopilot-local/.venv/lib/python3.13/site-packages/sqlalchemy/engine/default.py", line 949, in do_executemany
    cursor.executemany(statement, parameters)
    ~~~~~~~~~~~~~~~~~~^^^^^^^^^^^^^^^^^^^^^^^
sqlalchemy.exc.IntegrityError: (sqlite3.IntegrityError) UNIQUE constraint failed: userposition.ticker
[SQL: INSERT INTO userposition (ticker, qty, avg_entry, current_price, unrealized_pl, portfolio_id) VALUES (?, ?, ?, ?, ?, ?)]
[parameters: [('NVDA', 38.0, 220.53, 220.53, 0.0, 'ai-basket'), ('MSFT', 9.0, 419.27, 419.27, 0.0, 'ai-basket'), ('AMD', 36.0, 410.5, 410.5, 0.0, 'ai-basket'), ('AVGO', 21.0, 411.49, 411.49, 0.0, 'ai-basket'), ('SMH', 19.0, 541.91, 541.91, 0.0, 'ai-basket')]]
(Background on this error at: https://sqlalche.me/e/20/gkpj)
INFO:httpx:HTTP Request: GET https://paper-api.alpaca.markets/v2/account "HTTP/1.1 200 OK"
INFO:httpx:HTTP Request: GET https://data.alpaca.markets/v2/stocks/snapshots?symbols=NVDA%2CMSFT%2CAMD%2CAVGO%2CSMH&feed=iex "HTTP/1.1 200 OK"
INFO:httpx:HTTP Request: GET https://paper-api.alpaca.markets/v2/positions "HTTP/1.1 200 OK"
INFO:     127.0.0.1:48164 - "POST /api/portfolios/ai-basket/follow HTTP/1.1" 200 OK
INFO:httpx:HTTP Request: GET https://paper-api.alpaca.markets/v2/account "HTTP/1.1 200 OK"
INFO:httpx:HTTP Request: GET https://paper-api.alpaca.markets/v2/positions "HTTP/1.1 200 OK"
INFO:httpx:HTTP Request: GET https://data.alpaca.markets/v2/stocks/snapshots?symbols=AAPL%2CAMD%2CAMZN%2CAVGO%2CGOOGL%2CMSFT%2CNVDA%2CSMH&feed=iex "HTTP/1.1 200 OK"
INFO:     127.0.0.1:48166 - "GET /api/dashboard HTTP/1.1" 200 OK
INFO:httpx:HTTP Request: GET https://paper-api.alpaca.markets/v2/account "HTTP/1.1 200 OK"
INFO:httpx:HTTP Request: GET https://paper-api.alpaca.markets/v2/positions "HTTP/1.1 200 OK"
INFO:httpx:HTTP Request: GET https://data.alpaca.markets/v2/stocks/snapshots?symbols=AAPL%2CAMD%2CAMZN%2CAVGO%2CGOOGL%2CMSFT%2CNVDA%2CSMH&feed=iex "HTTP/1.1 200 OK"
INFO:     127.0.0.1:47658 - "GET /api/dashboard HTTP/1.1" 200 OK
INFO:httpx:HTTP Request: GET https://data.alpaca.markets/v2/stocks/snapshots?symbols=NVDA%2CAAPL%2CMSFT%2CGOOGL%2CAMZN&feed=iex "HTTP/1.1 200 OK"
INFO:     127.0.0.1:47664 - "GET /api/portfolios/pelosi-tracker HTTP/1.1" 200 OK
INFO:httpx:HTTP Request: GET https://data.alpaca.markets/v2/stocks/snapshots?symbols=NVDA%2CMSFT%2CAMD%2CAVGO%2CSMH&feed=iex "HTTP/1.1 200 OK"
INFO:     127.0.0.1:47670 - "GET /api/portfolios/ai-basket HTTP/1.1" 200 OK
INFO:apscheduler.executors.default:Running job "refresh_all_political (trigger: cron[day_of_week='mon-fri', hour='9-15', minute='*/30'], next run at: 2026-05-19 13:00:00 EDT)" (scheduled at 2026-05-19 12:30:00-04:00)
INFO:apscheduler.executors.default:Job "refresh_all_political (trigger: cron[day_of_week='mon-fri', hour='9-15', minute='*/30'], next run at: 2026-05-19 13:00:00 EDT)" executed successfully
INFO:apscheduler.executors.default:Running job "refresh_all_political (trigger: cron[day_of_week='mon-fri', hour='9-15', minute='*/30'], next run at: 2026-05-19 13:30:00 EDT)" (scheduled at 2026-05-19 13:00:00-04:00)
INFO:apscheduler.executors.default:Job "refresh_all_political (trigger: cron[day_of_week='mon-fri', hour='9-15', minute='*/30'], next run at: 2026-05-19 13:30:00 EDT)" executed successfully
